<?xml version="1.0" encoding="UTF-8"?>
<testsuite name="com.jessevanvliet.assignment.AssignmentApplicationTests" tests="7" skipped="0" failures="0" errors="0" timestamp="2025-01-03T15:34:22" hostname="THOVEX-PC" time="0.268">
  <properties/>
  <testcase name="checkAnswer_ShouldReturnSuccess_WhenAnswerIsCorrect()" classname="com.jessevanvliet.assignment.AssignmentApplicationTests" time="0.234"/>
  <testcase name="checkAnswer_ServiceShouldReturnTrue_WhenAnswerIsCorrect()" classname="com.jessevanvliet.assignment.AssignmentApplicationTests" time="0.005"/>
  <testcase name="getQuestions_ShouldReturnListOfQuestions()" classname="com.jessevanvliet.assignment.AssignmentApplicationTests" time="0.003"/>
  <testcase name="contextLoads()" classname="com.jessevanvliet.assignment.AssignmentApplicationTests" time="0.002"/>
  <testcase name="checkAnswer_ServiceShouldReturnFalse_WhenQuestionIdIsInvalid()" classname="com.jessevanvliet.assignment.AssignmentApplicationTests" time="0.006"/>
  <testcase name="checkAnswer_ServiceShouldReturnFalse_WhenAnswerIsWrong()" classname="com.jessevanvliet.assignment.AssignmentApplicationTests" time="0.003"/>
  <testcase name="checkAnswer_ShouldReturnFailure_WhenAnswerIsWrong()" classname="com.jessevanvliet.assignment.AssignmentApplicationTests" time="0.003"/>
  <system-out><![CDATA[16:34:20.258 [Test worker] INFO org.springframework.test.context.support.AnnotationConfigContextLoaderUtils -- Could not detect default configuration classes for test class [com.jessevanvliet.assignment.AssignmentApplicationTests]: AssignmentApplicationTests does not declare any static, non-private, non-final, nested classes annotated with @Configuration.
16:34:20.350 [Test worker] INFO org.springframework.boot.test.context.SpringBootTestContextBootstrapper -- Found @SpringBootConfiguration com.jessevanvliet.AssignmentApplication for test class com.jessevanvliet.assignment.AssignmentApplicationTests

  .   ____          _            __ _ _
 /\\ / ___'_ __ _ _(_)_ __  __ _ \ \ \ \
( ( )\___ | '_ | '_| | '_ \/ _` | \ \ \ \
 \\/  ___)| |_)| | | | | || (_| |  ) ) ) )
  '  |____| .__|_| |_|_| |_\__, | / / / /
 =========|_|==============|___/=/_/_/_/

 :: Spring Boot ::                (v3.4.1)

2025-01-03T16:34:20.669+01:00  INFO 14128 --- [assignment] [    Test worker] c.j.a.AssignmentApplicationTests         : Starting AssignmentApplicationTests using Java 21.0.5 with PID 14128 (started by Jesse in C:\Users\Jesse\Downloads\trivia\trivia)
2025-01-03T16:34:20.672+01:00  INFO 14128 --- [assignment] [    Test worker] c.j.a.AssignmentApplicationTests         : No active profile set, falling back to 1 default profile: "default"
2025-01-03T16:34:21.352+01:00  INFO 14128 --- [assignment] [    Test worker] o.s.b.a.w.s.WelcomePageHandlerMapping    : Adding welcome page: class path resource [static/index.html]
2025-01-03T16:34:21.557+01:00  INFO 14128 --- [assignment] [    Test worker] c.j.a.AssignmentApplicationTests         : Started AssignmentApplicationTests in 1.076 seconds (process running for 1.999)
]]></system-out>
  <system-err><![CDATA[Mockito is currently self-attaching to enable the inline-mock-maker. This will no longer work in future releases of the JDK. Please add Mockito as an agent to your build what is described in Mockito's documentation: https://javadoc.io/doc/org.mockito/mockito-core/latest/org/mockito/Mockito.html#0.3
WARNING: A Java agent has been loaded dynamically (C:\Users\Jesse\.gradle\caches\modules-2\files-2.1\net.bytebuddy\byte-buddy-agent\1.15.11\a38b16385e867f59a641330f0362ebe742788ed8\byte-buddy-agent-1.15.11.jar)
WARNING: If a serviceability tool is in use, please run with -XX:+EnableDynamicAgentLoading to hide this warning
WARNING: If a serviceability tool is not in use, please run with -Djdk.instrument.traceUsage for more information
WARNING: Dynamic loading of agents will be disallowed by default in a future release
]]></system-err>
</testsuite>
